This is XeTeX, Version 3.141592653-2.6-0.999997 (TeX Live 2025) (preloaded format=xelatex 2025.8.30)  31 AUG 2025 14:22
entering extended mode
 restricted \write18 enabled.
 file:line:error style messages enabled.
 %&-line parsing enabled.
**c:/Users/吴虹霖/Desktop/Codes/2025小学期/系统开发工具基础/latex/第一周实验报告/一个简单的Latex文档
(c:/Users/吴虹霖/Desktop/Codes/2025小学期/系统开发工具基础/latex/第一周实验报告/一个简单的Latex文档.tex
LaTeX2e <2024-11-01> patch level 2
L3 programming layer <2025-01-18>
(d:/latex/texlive/2025/texmf-dist/tex/latex/base/article.cls
Document Class: article 2024/06/29 v1.4n Standard LaTeX document class
(d:/latex/texlive/2025/texmf-dist/tex/latex/base/size10.clo
File: size10.clo 2024/06/29 v1.4n Standard LaTeX file (size option)
)
\c@part=\count192
\c@section=\count193
\c@subsection=\count194
\c@subsubsection=\count195
\c@paragraph=\count196
\c@subparagraph=\count197
\c@figure=\count198
\c@table=\count199
\abovecaptionskip=\skip49
\belowcaptionskip=\skip50
\bibindent=\dimen141
) (d:/latex/texlive/2025/texmf-dist/tex/latex/l3backend/l3backend-xetex.def
File: l3backend-xetex.def 2024-05-08 L3 backend support: XeTeX
\g__graphics_track_int=\count266
\l__pdf_internal_box=\box52
\g__pdf_backend_annotation_int=\count267
\g__pdf_backend_link_int=\count268
) (./一个简单的Latex文档.aux)
\openout1 = `一个简单的Latex文档.aux'.

LaTeX Font Info:    Checking defaults for OML/cmm/m/it on input line 7.
LaTeX Font Info:    ... okay on input line 7.
LaTeX Font Info:    Checking defaults for OMS/cmsy/m/n on input line 7.
LaTeX Font Info:    ... okay on input line 7.
LaTeX Font Info:    Checking defaults for OT1/cmr/m/n on input line 7.
LaTeX Font Info:    ... okay on input line 7.
LaTeX Font Info:    Checking defaults for T1/cmr/m/n on input line 7.
LaTeX Font Info:    ... okay on input line 7.
LaTeX Font Info:    Checking defaults for TS1/cmr/m/n on input line 7.
LaTeX Font Info:    ... okay on input line 7.
LaTeX Font Info:    Checking defaults for TU/lmr/m/n on input line 7.
LaTeX Font Info:    ... okay on input line 7.
LaTeX Font Info:    Checking defaults for OMX/cmex/m/n on input line 7.
LaTeX Font Info:    ... okay on input line 7.
LaTeX Font Info:    Checking defaults for U/cmr/m/n on input line 7.
LaTeX Font Info:    ... okay on input line 7.

Missing character: There is no 一 (U+4E00) in font [lmroman17-regular]:mapping=tex-text;!
Missing character: There is no 个 (U+4E2A) in font [lmroman17-regular]:mapping=tex-text;!
Missing character: There is no 简 (U+7B80) in font [lmroman17-regular]:mapping=tex-text;!
Missing character: There is no 单 (U+5355) in font [lmroman17-regular]:mapping=tex-text;!
Missing character: There is no 的 (U+7684) in font [lmroman17-regular]:mapping=tex-text;!
Missing character: There is no 文 (U+6587) in font [lmroman17-regular]:mapping=tex-text;!
Missing character: There is no 档 (U+6863) in font [lmroman17-regular]:mapping=tex-text;!
LaTeX Font Info:    External font `cmex10' loaded for size
(Font)              <12> on input line 9.
LaTeX Font Info:    External font `cmex10' loaded for size
(Font)              <8> on input line 9.
LaTeX Font Info:    External font `cmex10' loaded for size
(Font)              <6> on input line 9.
Missing character: There is no 姓 (U+59D3) in font [lmroman12-regular]:mapping=tex-text;!
Missing character: There is no 名 (U+540D) in font [lmroman12-regular]:mapping=tex-text;!
Missing character: There is no 引 (U+5F15) in font [lmroman12-bold]:mapping=tex-text;!
Missing character: There is no 言 (U+8A00) in font [lmroman12-bold]:mapping=tex-text;!
Missing character: There is no 这 (U+8FD9) in font [lmroman10-regular]:mapping=tex-text;!
Missing character: There is no 是 (U+662F) in font [lmroman10-regular]:mapping=tex-text;!
Missing character: There is no 引 (U+5F15) in font [lmroman10-regular]:mapping=tex-text;!
Missing character: There is no 言 (U+8A00) in font [lmroman10-regular]:mapping=tex-text;!
Missing character: There is no 部 (U+90E8) in font [lmroman10-regular]:mapping=tex-text;!
Missing character: There is no 分 (U+5206) in font [lmroman10-regular]:mapping=tex-text;!
Missing character: There is no 的 (U+7684) in font [lmroman10-regular]:mapping=tex-text;!
Missing character: There is no 内 (U+5185) in font [lmroman10-regular]:mapping=tex-text;!
Missing character: There is no 容 (U+5BB9) in font [lmroman10-regular]:mapping=tex-text;!
Missing character: There is no 。 (U+3002) in font [lmroman10-regular]:mapping=tex-text;!
Missing character: There is no 方 (U+65B9) in font [lmroman12-bold]:mapping=tex-text;!
Missing character: There is no 法 (U+6CD5) in font [lmroman12-bold]:mapping=tex-text;!
Missing character: There is no 这 (U+8FD9) in font [lmroman10-regular]:mapping=tex-text;!
Missing character: There is no 里 (U+91CC) in font [lmroman10-regular]:mapping=tex-text;!
Missing character: There is no 描 (U+63CF) in font [lmroman10-regular]:mapping=tex-text;!
Missing character: There is no 述 (U+8FF0) in font [lmroman10-regular]:mapping=tex-text;!
Missing character: There is no 所 (U+6240) in font [lmroman10-regular]:mapping=tex-text;!
Missing character: There is no 用 (U+7528) in font [lmroman10-regular]:mapping=tex-text;!
Missing character: There is no 的 (U+7684) in font [lmroman10-regular]:mapping=tex-text;!
Missing character: There is no 方 (U+65B9) in font [lmroman10-regular]:mapping=tex-text;!
Missing character: There is no 法 (U+6CD5) in font [lmroman10-regular]:mapping=tex-text;!
Missing character: There is no 。 (U+3002) in font [lmroman10-regular]:mapping=tex-text;!
Missing character: There is no 结 (U+7ED3) in font [lmroman12-bold]:mapping=tex-text;!
Missing character: There is no 果 (U+679C) in font [lmroman12-bold]:mapping=tex-text;!
Missing character: There is no 这 (U+8FD9) in font [lmroman10-regular]:mapping=tex-text;!
Missing character: There is no 里 (U+91CC) in font [lmroman10-regular]:mapping=tex-text;!
Missing character: There is no 展 (U+5C55) in font [lmroman10-regular]:mapping=tex-text;!
Missing character: There is no 示 (U+793A) in font [lmroman10-regular]:mapping=tex-text;!
Missing character: There is no 实 (U+5B9E) in font [lmroman10-regular]:mapping=tex-text;!
Missing character: There is no 验 (U+9A8C) in font [lmroman10-regular]:mapping=tex-text;!
Missing character: There is no 结 (U+7ED3) in font [lmroman10-regular]:mapping=tex-text;!
Missing character: There is no 果 (U+679C) in font [lmroman10-regular]:mapping=tex-text;!
Missing character: There is no 。 (U+3002) in font [lmroman10-regular]:mapping=tex-text;!
Missing character: There is no 结 (U+7ED3) in font [lmroman12-bold]:mapping=tex-text;!
Missing character: There is no 论 (U+8BBA) in font [lmroman12-bold]:mapping=tex-text;!
Missing character: There is no 这 (U+8FD9) in font [lmroman10-regular]:mapping=tex-text;!
Missing character: There is no 里 (U+91CC) in font [lmroman10-regular]:mapping=tex-text;!
Missing character: There is no 给 (U+7ED9) in font [lmroman10-regular]:mapping=tex-text;!
Missing character: There is no 出 (U+51FA) in font [lmroman10-regular]:mapping=tex-text;!
Missing character: There is no 结 (U+7ED3) in font [lmroman10-regular]:mapping=tex-text;!
Missing character: There is no 论 (U+8BBA) in font [lmroman10-regular]:mapping=tex-text;!
Missing character: There is no 和 (U+548C) in font [lmroman10-regular]:mapping=tex-text;!
Missing character: There is no 未 (U+672A) in font [lmroman10-regular]:mapping=tex-text;!
Missing character: There is no 来 (U+6765) in font [lmroman10-regular]:mapping=tex-text;!
Missing character: There is no 展 (U+5C55) in font [lmroman10-regular]:mapping=tex-text;!
Missing character: There is no 望 (U+671B) in font [lmroman10-regular]:mapping=tex-text;!
Missing character: There is no 。 (U+3002) in font [lmroman10-regular]:mapping=tex-text;!


[1

] (./一个简单的Latex文档.aux)
 ***********
LaTeX2e <2024-11-01> patch level 2
L3 programming layer <2025-01-18>
 ***********
 ) 
Here is how much of TeX's memory you used:
 476 strings out of 474712
 9484 string characters out of 5745146
 389764 words of memory out of 5000000
 23563 multiletter control sequences out of 15000+600000
 561613 words of font info for 50 fonts, out of 8000000 for 9000
 670 hyphenation exceptions out of 8191
 35i,6n,50p,194b,197s stack positions out of 10000i,1000n,20000p,200000b,200000s

Output written on 一个简单的Latex文档.pdf (1 page).
